This is pdfTeX, Version 3.1415926-2.3-1.40.12 (TeX Live 2011) (format=pdflatex 2011.7.3)  15 MAY 2012 11:45
entering extended mode
 restricted \write18 enabled.
 %&-line parsing enabled.
**final.tex
(./final.tex
LaTeX2e <2009/09/24>
Babel <v3.8l> and hyphenation patterns for english, dumylang, nohyphenation, ge
rman-x-2009-06-19, ngerman-x-2009-06-19, afrikaans, ancientgreek, ibycus, arabi
c, armenian, basque, bulgarian, catalan, pinyin, coptic, croatian, czech, danis
h, dutch, ukenglish, usenglishmax, esperanto, estonian, ethiopic, farsi, finnis
h, french, galician, german, ngerman, swissgerman, monogreek, greek, hungarian,
 icelandic, assamese, bengali, gujarati, hindi, kannada, malayalam, marathi, or
iya, panjabi, tamil, telugu, indonesian, interlingua, irish, italian, kurmanji,
 lao, latin, latvian, lithuanian, mongolian, mongolianlmc, bokmal, nynorsk, pol
ish, portuguese, romanian, russian, sanskrit, serbian, serbianc, slovak, sloven
ian, spanish, swedish, turkish, turkmen, ukrainian, uppersorbian, welsh, loaded
.
(/usr/local/texlive/2011/texmf-dist/tex/latex/base/article.cls
Document Class: article 2007/10/19 v1.4h Standard LaTeX document class
(/usr/local/texlive/2011/texmf-dist/tex/latex/base/size10.clo
File: size10.clo 2007/10/19 v1.4h Standard LaTeX file (size option)
)
\c@part=\count79
\c@section=\count80
\c@subsection=\count81
\c@subsubsection=\count82
\c@paragraph=\count83
\c@subparagraph=\count84
\c@figure=\count85
\c@table=\count86
\abovecaptionskip=\skip41
\belowcaptionskip=\skip42
\bibindent=\dimen102
)
(./nips12submit_e.sty
(/usr/local/texlive/2011/texmf-dist/tex/latex/eso-pic/eso-pic.sty
Package: eso-pic 2010/10/06 v2.0c eso-pic (RN)

(/usr/local/texlive/2011/texmf-dist/tex/generic/oberdiek/atbegshi.sty
Package: atbegshi 2011/01/30 v1.15 At begin shipout hook (HO)

(/usr/local/texlive/2011/texmf-dist/tex/generic/oberdiek/infwarerr.sty
Package: infwarerr 2010/04/08 v1.3 Providing info/warning/message (HO)
)
(/usr/local/texlive/2011/texmf-dist/tex/generic/oberdiek/ltxcmds.sty
Package: ltxcmds 2011/04/18 v1.20 LaTeX kernel commands for general use (HO)
)
(/usr/local/texlive/2011/texmf-dist/tex/generic/oberdiek/ifpdf.sty
Package: ifpdf 2011/01/30 v2.3 Provides the ifpdf switch (HO)
Package ifpdf Info: pdfTeX in PDF mode is detected.
))
(/usr/local/texlive/2011/texmf-dist/tex/latex/graphics/keyval.sty
Package: keyval 1999/03/16 v1.13 key=value parser (DPC)
\KV@toks@=\toks14
)
(/usr/local/texlive/2011/texmf-dist/tex/latex/xcolor/xcolor.sty
Package: xcolor 2007/01/21 v2.11 LaTeX color extensions (UK)

(/usr/local/texlive/2011/texmf-dist/tex/latex/latexconfig/color.cfg
File: color.cfg 2007/01/18 v1.5 color configuration of teTeX/TeXLive
)
Package xcolor Info: Driver file: pdftex.def on input line 225.

(/usr/local/texlive/2011/texmf-dist/tex/latex/pdftex-def/pdftex.def
File: pdftex.def 2011/05/27 v0.06d Graphics/color for pdfTeX
\Gread@gobject=\count87
)
Package xcolor Info: Model `cmy' substituted by `cmy0' on input line 1337.
Package xcolor Info: Model `hsb' substituted by `rgb' on input line 1341.
Package xcolor Info: Model `RGB' extended on input line 1353.
Package xcolor Info: Model `HTML' substituted by `rgb' on input line 1355.
Package xcolor Info: Model `Hsb' substituted by `hsb' on input line 1356.
Package xcolor Info: Model `tHsb' substituted by `hsb' on input line 1357.
Package xcolor Info: Model `HSB' substituted by `hsb' on input line 1358.
Package xcolor Info: Model `Gray' substituted by `gray' on input line 1359.
Package xcolor Info: Model `wave' substituted by `hsb' on input line 1360.
))
\nipsrulerbox=\box26
\nipsrulercount=\count88
\nipsruleroffset=\dimen103
\cv@lineheight=\dimen104
\cv@boxheight=\dimen105
\cv@tmpbox=\box27
\cv@refno=\count89
\cv@tot=\count90
\cv@tmpc@=\count91
\cv@tmpc=\count92
)
(/usr/local/texlive/2011/texmf-dist/tex/latex/psnfss/times.sty
Package: times 2005/04/12 PSNFSS-v9.2a (SPQR) 
)
(/usr/local/texlive/2011/texmf-dist/tex/latex/natbib/natbib.sty
Package: natbib 2010/09/13 8.31b (PWD, AO)
\bibhang=\skip43
\bibsep=\skip44
LaTeX Info: Redefining \cite on input line 694.
\c@NAT@ctr=\count93
)
(/usr/local/texlive/2011/texmf-dist/tex/latex/graphics/graphicx.sty
Package: graphicx 1999/02/16 v1.0f Enhanced LaTeX Graphics (DPC,SPQR)

(/usr/local/texlive/2011/texmf-dist/tex/latex/graphics/graphics.sty
Package: graphics 2009/02/05 v1.0o Standard LaTeX Graphics (DPC,SPQR)

(/usr/local/texlive/2011/texmf-dist/tex/latex/graphics/trig.sty
Package: trig 1999/03/16 v1.09 sin cos tan (DPC)
)
(/usr/local/texlive/2011/texmf-dist/tex/latex/latexconfig/graphics.cfg
File: graphics.cfg 2010/04/23 v1.9 graphics configuration of TeX Live
)
Package graphics Info: Driver file: pdftex.def on input line 91.
)
\Gin@req@height=\dimen106
\Gin@req@width=\dimen107
)
(/usr/local/texlive/2011/texmf-dist/tex/latex/subfigure/subfigure.sty
Package: subfigure 2002/03/15 v2.1.5 subfigure package
\subfigtopskip=\skip45
\subfigcapskip=\skip46
\subfigcaptopadj=\dimen108
\subfigbottomskip=\skip47
\subfigcapmargin=\dimen109
\subfiglabelskip=\skip48
\c@subfigure=\count94
\c@lofdepth=\count95
\c@subtable=\count96
\c@lotdepth=\count97

****************************************
* Local config file subfigure.cfg used *
****************************************
(/usr/local/texlive/2011/texmf-dist/tex/latex/subfigure/subfigure.cfg)
\subfig@top=\skip49
\subfig@bottom=\skip50
)
(./final.aux)
\openout1 = `final.aux'.

LaTeX Font Info:    Checking defaults for OML/cmm/m/it on input line 27.
LaTeX Font Info:    ... okay on input line 27.
LaTeX Font Info:    Checking defaults for T1/cmr/m/n on input line 27.
LaTeX Font Info:    ... okay on input line 27.
LaTeX Font Info:    Checking defaults for OT1/cmr/m/n on input line 27.
LaTeX Font Info:    ... okay on input line 27.
LaTeX Font Info:    Checking defaults for OMS/cmsy/m/n on input line 27.
LaTeX Font Info:    ... okay on input line 27.
LaTeX Font Info:    Checking defaults for OMX/cmex/m/n on input line 27.
LaTeX Font Info:    ... okay on input line 27.
LaTeX Font Info:    Checking defaults for U/cmr/m/n on input line 27.
LaTeX Font Info:    ... okay on input line 27.
LaTeX Font Info:    Try loading font information for OT1+ptm on input line 27.
 (/usr/local/texlive/2011/texmf-dist/tex/latex/psnfss/ot1ptm.fd
File: ot1ptm.fd 2001/06/04 font definitions for OT1/ptm.
)
\AtBeginShipoutBox=\box28

(/usr/local/texlive/2011/texmf-dist/tex/context/base/supp-pdf.mkii
[Loading MPS to PDF converter (version 2006.09.02).]
\scratchcounter=\count98
\scratchdimen=\dimen110
\scratchbox=\box29
\nofMPsegments=\count99
\nofMParguments=\count100
\everyMPshowfont=\toks15
\MPscratchCnt=\count101
\MPscratchDim=\dimen111
\MPnumerator=\count102
\makeMPintoPDFobject=\count103
\everyMPtoPDFconversion=\toks16
) (/usr/local/texlive/2011/texmf-dist/tex/generic/oberdiek/pdftexcmds.sty
Package: pdftexcmds 2011/04/22 v0.16 Utilities of pdfTeX for LuaTeX (HO)

(/usr/local/texlive/2011/texmf-dist/tex/generic/oberdiek/ifluatex.sty
Package: ifluatex 2010/03/01 v1.3 Provides the ifluatex switch (HO)
Package ifluatex Info: LuaTeX not detected.
)
Package pdftexcmds Info: LuaTeX not detected.
Package pdftexcmds Info: \pdf@primitive is available.
Package pdftexcmds Info: \pdf@ifprimitive is available.
Package pdftexcmds Info: \pdfdraftmode found.
)
(/usr/local/texlive/2011/texmf-dist/tex/latex/oberdiek/epstopdf-base.sty
Package: epstopdf-base 2010/02/09 v2.5 Base part for package epstopdf

(/usr/local/texlive/2011/texmf-dist/tex/latex/oberdiek/grfext.sty
Package: grfext 2010/08/19 v1.1 Managing graphics extensions (HO)

(/usr/local/texlive/2011/texmf-dist/tex/generic/oberdiek/kvdefinekeys.sty
Package: kvdefinekeys 2011/04/07 v1.3 Defining keys (HO)
))
(/usr/local/texlive/2011/texmf-dist/tex/latex/oberdiek/kvoptions.sty
Package: kvoptions 2010/12/23 v3.10 Keyval support for LaTeX options (HO)

(/usr/local/texlive/2011/texmf-dist/tex/generic/oberdiek/kvsetkeys.sty
Package: kvsetkeys 2011/04/07 v1.13 Key value parser (HO)

(/usr/local/texlive/2011/texmf-dist/tex/generic/oberdiek/etexcmds.sty
Package: etexcmds 2011/02/16 v1.5 Prefix for e-TeX command names (HO)
Package etexcmds Info: Could not find \expanded.
(etexcmds)             That can mean that you are not using pdfTeX 1.50 or
(etexcmds)             that some package has redefined \expanded.
(etexcmds)             In the latter case, load this package earlier.
)))
Package grfext Info: Graphics extension search list:
(grfext)             [.png,.pdf,.jpg,.mps,.jpeg,.jbig2,.jb2,.PNG,.PDF,.JPG,.JPE
G,.JBIG2,.JB2,.eps]
(grfext)             \AppendGraphicsExtensions on input line 452.

(/usr/local/texlive/2011/texmf-dist/tex/latex/latexconfig/epstopdf-sys.cfg
File: epstopdf-sys.cfg 2010/07/13 v1.3 Configuration of (r)epstopdf for TeX Liv
e
))
LaTeX Font Info:    Font shape `OT1/ptm/bx/n' in size <17.28> not available
(Font)              Font shape `OT1/ptm/b/n' tried instead on input line 29.
LaTeX Font Info:    External font `cmex10' loaded for size
(Font)              <7> on input line 29.
LaTeX Font Info:    External font `cmex10' loaded for size
(Font)              <5> on input line 29.
LaTeX Font Info:    Font shape `OT1/ptm/bx/n' in size <10> not available
(Font)              Font shape `OT1/ptm/b/n' tried instead on input line 29.
LaTeX Font Info:    Try loading font information for OT1+pcr on input line 29.

(/usr/local/texlive/2011/texmf-dist/tex/latex/psnfss/ot1pcr.fd
File: ot1pcr.fd 2001/06/04 font definitions for OT1/pcr.
)
LaTeX Font Info:    Font shape `OT1/ptm/bx/n' in size <12> not available
(Font)              Font shape `OT1/ptm/b/n' tried instead on input line 33.
 [1

{/usr/local/texlive/2011/texmf-var/fonts/map/pdftex/updmap/pdftex.map}]
<./fig/overlay_00_00.jpg, id=9, 605.26125pt x 811.03pt>
File: ./fig/overlay_00_00.jpg Graphic file (type jpg)

<use ./fig/overlay_00_00.jpg>
Package pdftex.def Info: ./fig/overlay_00_00.jpg used on input line 120.
(pdftex.def)             Requested size: 148.31339pt x 198.7425pt.
 [2 <./fig/overlay_00_00.jpg>]
Underfull \vbox (badness 10000) has occurred while \output is active []

 [3]
<./fig/overlay_00_00_grab.jpg, id=17, 1943.26pt x 2601.72pt>
File: ./fig/overlay_00_00_grab.jpg Graphic file (type jpg)

<use ./fig/overlay_00_00_grab.jpg>
Package pdftex.def Info: ./fig/overlay_00_00_grab.jpg used on input line 179.
(pdftex.def)             Requested size: 148.43651pt x 198.7425pt.

<./fig/overlay_00_00_laser.jpg, id=18, 1943.26pt x 2601.72pt>
File: ./fig/overlay_00_00_laser.jpg Graphic file (type jpg)

<use ./fig/overlay_00_00_laser.jpg>
Package pdftex.def Info: ./fig/overlay_00_00_laser.jpg used on input line 191.
(pdftex.def)             Requested size: 148.43651pt x 198.7425pt.


LaTeX Warning: `h' float specifier changed to `ht'.

<./fig/overlay_00_00_ising_large.jpg, id=19, 971.63pt x 1300.86pt>
File: ./fig/overlay_00_00_ising_large.jpg Graphic file (type jpg)

<use ./fig/overlay_00_00_ising_large.jpg>
Package pdftex.def Info: ./fig/overlay_00_00_ising_large.jpg used on input line
 206.
(pdftex.def)             Requested size: 148.43651pt x 198.7425pt.

<./fig/overlay_00_00_ising_small.jpg, id=20, 1943.26pt x 2601.72pt>
File: ./fig/overlay_00_00_ising_small.jpg Graphic file (type jpg)

<use ./fig/overlay_00_00_ising_small.jpg>
Package pdftex.def Info: ./fig/overlay_00_00_ising_small.jpg used on input line
 210.
(pdftex.def)             Requested size: 148.43651pt x 198.7425pt.


LaTeX Warning: `h' float specifier changed to `ht'.

[4 <./fig/overlay_00_00_grab.jpg>] [5 <./fig/overlay_00_00_laser.jpg> <./fig/ov
erlay_00_00_ising_large.jpg> <./fig/overlay_00_00_ising_small.jpg>]
<./fig/overlay_02_02_grab.jpg, id=27, 1943.26pt x 2601.72pt>
File: ./fig/overlay_02_02_grab.jpg Graphic file (type jpg)

<use ./fig/overlay_02_02_grab.jpg>
Package pdftex.def Info: ./fig/overlay_02_02_grab.jpg used on input line 273.
(pdftex.def)             Requested size: 118.7255pt x 158.99156pt.

<./fig/overlay_02_02_ising.jpg, id=28, 1943.26pt x 2601.72pt>
File: ./fig/overlay_02_02_ising.jpg Graphic file (type jpg)

<use ./fig/overlay_02_02_ising.jpg>
Package pdftex.def Info: ./fig/overlay_02_02_ising.jpg used on input line 277.
(pdftex.def)             Requested size: 118.7255pt x 158.99156pt.

<./fig/overlay_02_02_laser.jpg, id=29, 1943.26pt x 2601.72pt>
File: ./fig/overlay_02_02_laser.jpg Graphic file (type jpg)

<use ./fig/overlay_02_02_laser.jpg>
Package pdftex.def Info: ./fig/overlay_02_02_laser.jpg used on input line 281.
(pdftex.def)             Requested size: 118.7255pt x 158.99156pt.

<./fig/overlay_14_04_grab.jpg, id=30, 1943.26pt x 2601.72pt>
File: ./fig/overlay_14_04_grab.jpg Graphic file (type jpg)

<use ./fig/overlay_14_04_grab.jpg>
Package pdftex.def Info: ./fig/overlay_14_04_grab.jpg used on input line 285.
(pdftex.def)             Requested size: 118.7255pt x 158.99156pt.

<./fig/overlay_14_04_ising.jpg, id=31, 1943.26pt x 2601.72pt>
File: ./fig/overlay_14_04_ising.jpg Graphic file (type jpg)

<use ./fig/overlay_14_04_ising.jpg>
Package pdftex.def Info: ./fig/overlay_14_04_ising.jpg used on input line 289.
(pdftex.def)             Requested size: 118.7255pt x 158.99156pt.

<./fig/overlay_14_04_laser.jpg, id=32, 1943.26pt x 2601.72pt>
File: ./fig/overlay_14_04_laser.jpg Graphic file (type jpg)

<use ./fig/overlay_14_04_laser.jpg>
Package pdftex.def Info: ./fig/overlay_14_04_laser.jpg used on input line 293.
(pdftex.def)             Requested size: 118.7255pt x 158.99156pt.

Underfull \vbox (badness 10000) has occurred while \output is active []

 [6]
(./final.bbl [7 <./fig/overlay_02_02_grab.jpg> <./fig/overlay_02_02_ising.jpg> 
<./fig/overlay_02_02_laser.jpg> <./fig/overlay_14_04_grab.jpg> <./fig/overlay_1
4_04_ising.jpg> <./fig/overlay_14_04_laser.jpg>]) [8] (./final.aux) ) 
Here is how much of TeX's memory you used:
 2812 strings out of 493633
 40148 string characters out of 3143378
 105671 words of memory out of 3000000
 6071 multiletter control sequences out of 15000+200000
 15452 words of font info for 31 fonts, out of 3000000 for 9000
 831 hyphenation exceptions out of 8191
 38i,8n,39p,1614b,297s stack positions out of 5000i,500n,10000p,200000b,50000s
{/usr/loca
l/texlive/2011/texmf-dist/fonts/enc/dvips/base/8r.enc}</usr/local/texlive/2011/
texmf-dist/fonts/type1/urw/courier/ucrr8a.pfb></usr/local/texlive/2011/texmf-di
st/fonts/type1/urw/times/utmb8a.pfb></usr/local/texlive/2011/texmf-dist/fonts/t
ype1/urw/times/utmr8a.pfb></usr/local/texlive/2011/texmf-dist/fonts/type1/urw/t
imes/utmri8a.pfb>
Output written on final.pdf (8 pages, 7020555 bytes).
PDF statistics:
 59 PDF objects out of 1000 (max. 8388607)
 33 compressed objects within 1 object stream
 0 named destinations out of 1000 (max. 500000)
 56 words of extra memory for PDF output out of 10000 (max. 10000000)

